<?xml version="1.0" encoding="UTF-8"?>
<testng-results ignored="0" total="2" passed="2" failed="0" skipped="0">
  <reporter-output>
  </reporter-output>
  <suite started-at="2025-12-01T10:38:22 IST" name="Default suite" finished-at="2025-12-01T10:38:36 IST" duration-ms="13357">
    <groups>
    </groups>
    <test started-at="2025-12-01T10:38:22 IST" name="Default test" finished-at="2025-12-01T10:38:36 IST" duration-ms="13357">
      <class name="ex01_Selenium_Basics.TestSelenium01">
        <test-method signature="test_OpenTheTestingAcademy()[pri:0, instance:ex01_Selenium_Basics.TestSelenium01@a3d9978]" started-at="2025-12-01T10:38:23 IST" name="test_OpenTheTestingAcademy" finished-at="2025-12-01T10:38:36 IST" duration-ms="12947" status="PASS">
          <reporter-output>
          </reporter-output>
        </test-method> <!-- test_OpenTheTestingAcademy -->
        <test-method signature="test_code()[pri:0, instance:ex01_Selenium_Basics.TestSelenium01@a3d9978]" started-at="2025-12-01T10:38:36 IST" name="test_code" finished-at="2025-12-01T10:38:36 IST" duration-ms="12" status="PASS">
          <reporter-output>
          </reporter-output>
        </test-method> <!-- test_code -->
      </class> <!-- ex01_Selenium_Basics.TestSelenium01 -->
    </test> <!-- Default test -->
  </suite> <!-- Default suite -->
</testng-results>
