<?xml version="1.0" encoding="UTF-8"?>
<!-- Generated by org.testng.reporters.JUnitReportReporter -->
<testsuite hostname="DESKTOP-CJN9AFV" failures="0" tests="1" name="ex03_Selenium_Locators.TestSelenium19_Mini_Project2_TagName" time="15.581" errors="0" timestamp="2025-12-03T12:24:33 IST" skipped="0">
  <testcase classname="ex03_Selenium_Locators.TestSelenium19_Mini_Project2_TagName" name="vwo_free_trail_error_verify" time="15.581"/>
</testsuite> <!-- ex03_Selenium_Locators.TestSelenium19_Mini_Project2_TagName -->
