<?xml version="1.0" encoding="UTF-8"?>
<!-- Generated by org.testng.reporters.JUnitReportReporter -->
<testsuite hostname="DESKTOP-CJN9AFV" failures="0" tests="1" name="ex031_Selenium_WebTables.test_web_table_OrangeHRM_Practice" time="37.152" errors="0" timestamp="2025-12-16T11:57:27 IST" skipped="0">
  <testcase classname="ex031_Selenium_WebTables.test_web_table_OrangeHRM_Practice" name="printTableData" time="37.152"/>
</testsuite> <!-- ex031_Selenium_WebTables.test_web_table_OrangeHRM_Practice -->
