<?xml version="1.0" encoding="UTF-8"?>
<!-- Generated by org.testng.reporters.JUnitReportReporter -->
<testsuite hostname="DESKTOP-CJN9AFV" failures="0" tests="1" name="ex03_Selenium_Locators.TestSelenium17_Project_Locators_Selenium_ID_CLASSNAME_NAME" time="12.750" errors="0" timestamp="2025-12-15T15:38:13 IST" skipped="0">
  <testcase classname="ex03_Selenium_Locators.TestSelenium17_Project_Locators_Selenium_ID_CLASSNAME_NAME" name="test_vwo_login_invalid_login" time="12.750"/>
</testsuite> <!-- ex03_Selenium_Locators.TestSelenium17_Project_Locators_Selenium_ID_CLASSNAME_NAME -->
