<?xml version="1.0" encoding="UTF-8"?>
<!-- Generated by org.testng.reporters.JUnitReportReporter -->
<testsuite hostname="DESKTOP-CJN9AFV" failures="0" tests="1" name="ex03_Selenium_Locators.TestSelenium18_LinkText_Partial_Text_TagName_Locators" time="12.513" errors="0" timestamp="2025-12-15T15:39:36 IST" skipped="0">
  <testcase classname="ex03_Selenium_Locators.TestSelenium18_LinkText_Partial_Text_TagName_Locators" name="test_login_vwo" time="12.513"/>
</testsuite> <!-- ex03_Selenium_Locators.TestSelenium18_LinkText_Partial_Text_TagName_Locators -->
