<?xml version="1.0" encoding="UTF-8"?>
<!-- Generated by org.testng.reporters.JUnitReportReporter -->
<testsuite hostname="DESKTOP-CJN9AFV" failures="0" tests="2" name="ex01_Selenium_Basics.TestSelenium01" time="17.806" errors="0" timestamp="2025-12-01T10:52:47 IST" skipped="0">
  <testcase classname="ex01_Selenium_Basics.TestSelenium01" name="test_OpenTheTestingAcademy" time="17.789"/>
  <testcase classname="ex01_Selenium_Basics.TestSelenium01" name="test_code" time="0.017"/>
</testsuite> <!-- ex01_Selenium_Basics.TestSelenium01 -->
