<?xml version="1.0" encoding="UTF-8"?>
<!-- Generated by org.testng.reporters.JUnitReportReporter -->
<testsuite hostname="DESKTOP-CJN9AFV" failures="0" tests="1" name="ex03_Selenium_Locators.TestSelenium19_Mini_Project2_TagName" time="14.213" errors="0" timestamp="2025-12-15T15:41:08 IST" skipped="0">
  <testcase classname="ex03_Selenium_Locators.TestSelenium19_Mini_Project2_TagName" name="vwo_free_trail_error_verify" time="14.213"/>
</testsuite> <!-- ex03_Selenium_Locators.TestSelenium19_Mini_Project2_TagName -->
