<?xml version="1.0" encoding="UTF-8"?>
<!-- Generated by org.testng.reporters.JUnitReportReporter -->
<testsuite hostname="DESKTOP-CJN9AFV" failures="0" tests="2" name="ex031_Selenium_WebTables.SelectDropdown" time="25.407" errors="0" timestamp="2025-12-14T16:57:32 IST" skipped="0">
  <testcase classname="ex031_Selenium_WebTables.SelectDropdown" name="drodown" time="5.434"/>
  <testcase classname="ex031_Selenium_WebTables.SelectDropdown" name="drodown2" time="19.973"/>
</testsuite> <!-- ex031_Selenium_WebTables.SelectDropdown -->
