<?xml version="1.0" encoding="UTF-8"?>
<!-- Generated by org.testng.reporters.JUnitReportReporter -->
<testsuite hostname="DESKTOP-CJN9AFV" failures="0" tests="1" name="ex03_Selenium_Locators.TestSelenium19_Mini_Project2_TagNameCommonToAll" time="16.869" errors="0" timestamp="2025-12-15T16:00:51 IST" skipped="0">
  <testcase classname="ex03_Selenium_Locators.TestSelenium19_Mini_Project2_TagNameCommonToAll" name="vwo_free_trail_error_verify" time="16.869"/>
</testsuite> <!-- ex03_Selenium_Locators.TestSelenium19_Mini_Project2_TagNameCommonToAll -->
